[debug] [2023-05-22T18:52:54.056Z] ----------------------------------------------------------------------
[debug] [2023-05-22T18:52:54.058Z] Command:       C:\Program Files\nodejs\node.exe C:\Users\Ayush\AppData\Roaming\npm\node_modules\firebase-tools\lib\bin\firebase.js deploy
[debug] [2023-05-22T18:52:54.058Z] CLI Version:   12.1.0
[debug] [2023-05-22T18:52:54.059Z] Platform:      win32
[debug] [2023-05-22T18:52:54.059Z] Node Version:  v18.16.0
[debug] [2023-05-22T18:52:54.060Z] Time:          Tue May 23 2023 00:22:54 GMT+0530 (India Standard Time)
[debug] [2023-05-22T18:52:54.060Z] ----------------------------------------------------------------------
[debug] 
[debug] [2023-05-22T18:52:54.133Z] > command requires scopes: ["email","openid","https://www.googleapis.com/auth/cloudplatformprojects.readonly","https://www.googleapis.com/auth/firebase","https://www.googleapis.com/auth/cloud-platform"]
[debug] [2023-05-22T18:52:54.133Z] > authorizing via signed-in user (ayushpanditmoto@gmail.com)
[debug] [2023-05-22T18:52:54.133Z] [iam] checking project lovebyte-2608f for permissions ["firebase.projects.get","firebasehosting.sites.update"]
[debug] [2023-05-22T18:52:54.136Z] >>> [apiv2][query] POST https://cloudresourcemanager.googleapis.com/v1/projects/lovebyte-2608f:testIamPermissions [none]
[debug] [2023-05-22T18:52:54.136Z] >>> [apiv2][(partial)header] POST https://cloudresourcemanager.googleapis.com/v1/projects/lovebyte-2608f:testIamPermissions x-goog-quota-user=projects/lovebyte-2608f
[debug] [2023-05-22T18:52:54.136Z] >>> [apiv2][body] POST https://cloudresourcemanager.googleapis.com/v1/projects/lovebyte-2608f:testIamPermissions {"permissions":["firebase.projects.get","firebasehosting.sites.update"]}
[debug] [2023-05-22T18:52:55.735Z] <<< [apiv2][status] POST https://cloudresourcemanager.googleapis.com/v1/projects/lovebyte-2608f:testIamPermissions 200
[debug] [2023-05-22T18:52:55.735Z] <<< [apiv2][body] POST https://cloudresourcemanager.googleapis.com/v1/projects/lovebyte-2608f:testIamPermissions {"permissions":["firebase.projects.get","firebasehosting.sites.update"]}
[debug] [2023-05-22T18:52:55.736Z] >>> [apiv2][query] GET https://firebase.googleapis.com/v1beta1/projects/lovebyte-2608f [none]
[debug] [2023-05-22T18:52:56.563Z] <<< [apiv2][status] GET https://firebase.googleapis.com/v1beta1/projects/lovebyte-2608f 200
[debug] [2023-05-22T18:52:56.563Z] <<< [apiv2][body] GET https://firebase.googleapis.com/v1beta1/projects/lovebyte-2608f {"projectId":"lovebyte-2608f","projectNumber":"218505858069","displayName":"LoveByte","name":"projects/lovebyte-2608f","resources":{"hostingSite":"lovebyte-2608f"},"state":"ACTIVE","etag":"1_f204d687-8d65-4754-9598-acb915e99c23"}
[debug] [2023-05-22T18:53:02.060Z] >>> [apiv2][query] GET https://firebasehosting.googleapis.com/v1beta1/projects/lovebyte-2608f/sites pageToken=&pageSize=10
[debug] [2023-05-22T18:53:03.336Z] <<< [apiv2][status] GET https://firebasehosting.googleapis.com/v1beta1/projects/lovebyte-2608f/sites 200
[debug] [2023-05-22T18:53:03.337Z] <<< [apiv2][body] GET https://firebasehosting.googleapis.com/v1beta1/projects/lovebyte-2608f/sites {"sites":[{"name":"projects/lovebyte-2608f/sites/lovebyte-2608f","defaultUrl":"https://lovebyte-2608f.web.app","appId":"1:218505858069:web:f698069a43be4573d8921c","type":"DEFAULT_SITE"}]}
[debug] [2023-05-22T18:53:03.337Z] >>> [apiv2][query] GET https://firebase.googleapis.com/v1beta1/projects/-/webApps/1:218505858069:web:f698069a43be4573d8921c/config [none]
[debug] [2023-05-22T18:53:04.674Z] <<< [apiv2][status] GET https://firebase.googleapis.com/v1beta1/projects/-/webApps/1:218505858069:web:f698069a43be4573d8921c/config 200
[debug] [2023-05-22T18:53:04.674Z] <<< [apiv2][body] GET https://firebase.googleapis.com/v1beta1/projects/-/webApps/1:218505858069:web:f698069a43be4573d8921c/config {"projectId":"lovebyte-2608f","appId":"1:218505858069:web:f698069a43be4573d8921c","storageBucket":"lovebyte-2608f.appspot.com","apiKey":"AIzaSyBDCufEIkvZAbJ_cgDbtZFSq5alVjsltak","authDomain":"lovebyte-2608f.firebaseapp.com","messagingSenderId":"218505858069","measurementId":"G-VC7Y4XBB3J"}
[debug] [2023-05-22T18:53:36.175Z] Error: Build optimization failed: found pages without a React Component as default export in 
pages/[slug]
pages/auth

See https://nextjs.org/docs/messages/page-without-valid-component for more info.

    at C:\Users\Ayush\Desktop\lovebyte\node_modules\next\dist\build\index.js:1282:29
    at async Span.traceAsyncFn (C:\Users\Ayush\Desktop\lovebyte\node_modules\next\dist\trace\trace.js:103:20)
    at async build (C:\Users\Ayush\Desktop\lovebyte\node_modules\next\dist\build\index.js:145:29)
    at async build (C:\Users\Ayush\AppData\Roaming\npm\node_modules\firebase-tools\lib\frameworks\next\index.js:56:5)
    at async prepareFrameworks (C:\Users\Ayush\AppData\Roaming\npm\node_modules\firebase-tools\lib\frameworks\index.js:207:122)
    at async deploy (C:\Users\Ayush\AppData\Roaming\npm\node_modules\firebase-tools\lib\deploy\index.js:55:13)
[error] 
[error] Error: An unexpected error has occurred.
